<?xml version="1.0" encoding="UTF-8"?>
<testng-results ignored="0" total="1" passed="1" failed="0" skipped="0">
  <reporter-output>
  </reporter-output>
  <suite started-at="2021-06-15T22:59:36 EEST" name="Default suite" finished-at="2021-06-15T22:59:54 EEST" duration-ms="18531">
    <groups>
    </groups>
    <test started-at="2021-06-15T22:59:36 EEST" name="Default test" finished-at="2021-06-15T22:59:54 EEST" duration-ms="18531">
      <class name="ua.com.pravda.newstitletest.NewsTitleTest">
        <test-method is-config="true" signature="setup()[pri:0, instance:ua.com.pravda.newstitletest.NewsTitleTest@2053d869]" started-at="2021-06-15T22:59:36 EEST" name="setup" finished-at="2021-06-15T22:59:46 EEST" duration-ms="10743" status="PASS">
          <reporter-output>
          </reporter-output>
        </test-method> <!-- setup -->
        <test-method signature="test_news_page_title()[pri:0, instance:ua.com.pravda.newstitletest.NewsTitleTest@2053d869]" started-at="2021-06-15T22:59:47 EEST" name="test_news_page_title" finished-at="2021-06-15T22:59:54 EEST" duration-ms="7714" status="PASS">
          <reporter-output>
          </reporter-output>
        </test-method> <!-- test_news_page_title -->
      </class> <!-- ua.com.pravda.newstitletest.NewsTitleTest -->
    </test> <!-- Default test -->
  </suite> <!-- Default suite -->
</testng-results>
